app/build/outputs/mapping/release/seeds.txt
com.tanamo.dicto.R$anim: int abc_fade_in
com.tanamo.dicto.R$anim: int abc_fade_out
com.tanamo.dicto.R$anim: int abc_grow_fade_in_from_bottom
com.tanamo.dicto.R$anim: int abc_popup_enter
com.tanamo.dicto.R$anim: int abc_popup_exit
com.tanamo.dicto.R$anim: int abc_shrink_fade_out_from_bottom
com.tanamo.dicto.R$anim: int abc_slide_in_bottom
com.tanamo.dicto.R$anim: int abc_slide_in_top
com.tanamo.dicto.R$anim: int abc_slide_out_bottom
com.tanamo.dicto.R$anim: int abc_slide_out_top
com.tanamo.dicto.R$anim: int design_bottom_sheet_slide_in
com.tanamo.dicto.R$anim: int design_bottom_sheet_slide_out
com.tanamo.dicto.R$anim: int design_snackbar_in
com.tanamo.dicto.R$anim: int design_snackbar_out
com.tanamo.dicto.R$animator: int design_appbar_state_list_animator
com.tanamo.dicto.R$attr: int actionBarDivider
com.tanamo.dicto.R$attr: int actionBarItemBackground
com.tanamo.dicto.R$attr: int actionBarPopupTheme
com.tanamo.dicto.R$attr: int actionBarSize
com.tanamo.dicto.R$attr: int actionBarSplitStyle
com.tanamo.dicto.R$attr: int actionBarStyle
com.tanamo.dicto.R$attr: int actionBarTabBarStyle
com.tanamo.dicto.R$attr: int actionBarTabStyle
com.tanamo.dicto.R$attr: int actionBarTabTextStyle
com.tanamo.dicto.R$attr: int actionBarTheme
com.tanamo.dicto.R$attr: int actionBarWidgetTheme
com.tanamo.dicto.R$attr: int actionButtonStyle
com.tanamo.dicto.R$attr: int actionDropDownStyle
com.tanamo.dicto.R$attr: int actionLayout
com.tanamo.dicto.R$attr: int actionMenuTextAppearance
com.tanamo.dicto.R$attr: int actionMenuTextColor
com.tanamo.dicto.R$attr: int actionModeBackground
com.tanamo.dicto.R$attr: int actionModeCloseButtonStyle
com.tanamo.dicto.R$attr: int actionModeCloseDrawable
com.tanamo.dicto.R$attr: int actionModeCopyDrawable
com.tanamo.dicto.R$attr: int actionModeCutDrawable
com.tanamo.dicto.R$attr: int actionModeFindDrawable
com.tanamo.dicto.R$attr: int actionModePasteDrawable
com.tanamo.dicto.R$attr: int actionModePopupWindowStyle
com.tanamo.dicto.R$attr: int actionModeSelectAllDrawable
com.tanamo.dicto.R$attr: int actionModeShareDrawable
com.tanamo.dicto.R$attr: int actionModeSplitBackground
com.tanamo.dicto.R$attr: int actionModeStyle
com.tanamo.dicto.R$attr: int actionModeWebSearchDrawable
com.tanamo.dicto.R$bool: int abc_action_bar_embed_tabs
com.tanamo.dicto.R$bool: int abc_allow_stacked_button_bar
com.tanamo.dicto.R$bool: int abc_config_actionMenuItemAllCaps
com.tanamo.dicto.R$bool: int abc_config_closeDialogWhenTouchOutside
com.tanamo.dicto.R$bool: int abc_config_showMenuShortcutsWhenKeyboardPresent
...
de.hdodenhof.circleimageview.R$styleable: int[] CircleImageView
de.hdodenhof.circleimageview.R$styleable: int CircleImageView_border_color
de.hdodenhof.circleimageview.R$styleable: int CircleImageView_border_width
io.fabric.sdk.android.services.common.CommonUtils$Architecture: io.fabric.sdk.android.services.common.CommonUtils$Architecture[] values()
io.fabric.sdk.android.services.common.CommonUtils$Architecture: io.fabric.sdk.android.services.common.CommonUtils$Architecture valueOf(java.lang.String)
io.fabric.sdk.android.services.common.DeliveryMechanism: io.fabric.sdk.android.services.common.DeliveryMechanism[] values()
io.fabric.sdk.android.services.common.DeliveryMechanism: io.fabric.sdk.android.services.common.DeliveryMechanism valueOf(java.lang.String)
io.fabric.sdk.android.services.common.IdManager$DeviceIdentifierType: io.fabric.sdk.android.services.common.IdManager$DeviceIdentifierType[] values()
io.fabric.sdk.android.services.common.IdManager$DeviceIdentifierType: io.fabric.sdk.android.services.common.IdManager$DeviceIdentifierType valueOf(java.lang.String)
io.fabric.sdk.android.services.concurrency.AsyncTask$Status: io.fabric.sdk.android.services.concurrency.AsyncTask$Status[] values()
io.fabric.sdk.android.services.concurrency.AsyncTask$Status: io.fabric.sdk.android.services.concurrency.AsyncTask$Status valueOf(java.lang.String)
io.fabric.sdk.android.services.concurrency.Priority: io.fabric.sdk.android.services.concurrency.Priority[] values()
io.fabric.sdk.android.services.concurrency.Priority: io.fabric.sdk.android.services.concurrency.Priority valueOf(java.lang.String)
io.fabric.sdk.android.services.network.HttpMethod: io.fabric.sdk.android.services.network.HttpMethod[] values()
io.fabric.sdk.android.services.network.HttpMethod: io.fabric.sdk.android.services.network.HttpMethod valueOf(java.lang.String)
io.fabric.sdk.android.services.settings.SettingsCacheBehavior: io.fabric.sdk.android.services.settings.SettingsCacheBehavior[] values()
io.fabric.sdk.android.services.settings.SettingsCacheBehavior: io.fabric.sdk.android.services.settings.SettingsCacheBehavior valueOf(java.lang.String)
kotlin.DeprecationLevel: kotlin.DeprecationLevel[] values()
kotlin.DeprecationLevel: kotlin.DeprecationLevel valueOf(java.lang.String)
kotlin.LazyThreadSafetyMode: kotlin.LazyThreadSafetyMode[] values()
kotlin.LazyThreadSafetyMode: kotlin.LazyThreadSafetyMode valueOf(java.lang.String)
kotlin.annotation.AnnotationRetention: kotlin.annotation.AnnotationRetention[] values()
kotlin.annotation.AnnotationRetention: kotlin.annotation.AnnotationRetention valueOf(java.lang.String)
kotlin.annotation.AnnotationTarget: kotlin.annotation.AnnotationTarget[] values()
kotlin.annotation.AnnotationTarget: kotlin.annotation.AnnotationTarget valueOf(java.lang.String)
kotlin.collections.State: kotlin.collections.State[] values()
kotlin.collections.State: kotlin.collections.State valueOf(java.lang.String)
kotlin.io.FileWalkDirection: kotlin.io.FileWalkDirection[] values()
kotlin.io.FileWalkDirection: kotlin.io.FileWalkDirection valueOf(java.lang.String)
kotlin.io.OnErrorAction: kotlin.io.OnErrorAction[] values()
kotlin.io.OnErrorAction: kotlin.io.OnErrorAction valueOf(java.lang.String)
kotlin.reflect.KParameter$Kind: kotlin.reflect.KParameter$Kind[] values()
kotlin.reflect.KParameter$Kind: kotlin.reflect.KParameter$Kind valueOf(java.lang.String)
kotlin.reflect.KVariance: kotlin.reflect.KVariance[] values()
kotlin.reflect.KVariance: kotlin.reflect.KVariance valueOf(java.lang.String)
kotlin.reflect.KVisibility: kotlin.reflect.KVisibility[] values()
kotlin.reflect.KVisibility: kotlin.reflect.KVisibility valueOf(java.lang.String)
kotlin.text.CharCategory: kotlin.text.CharCategory[] values()
kotlin.text.CharCategory: kotlin.text.CharCategory valueOf(java.lang.String)
kotlin.text.CharDirectionality: kotlin.text.CharDirectionality[] values()
kotlin.text.CharDirectionality: kotlin.text.CharDirectionality valueOf(java.lang.String)