app/build/outputs/mapping/release/mapping.txt
com.tanamo.dicto.R -> com.tanamo.dicto.a:
com.tanamo.dicto.R$id -> com.tanamo.dicto.a$a:
    int abt -> abt
    int action0 -> action0
    int action_bar -> action_bar
    int action_bar_activity_content -> action_bar_activity_content
    int action_bar_container -> action_bar_container
    int action_bar_root -> action_bar_root
    int action_bar_spinner -> action_bar_spinner
    int action_bar_subtitle -> action_bar_subtitle
    int action_bar_title -> action_bar_title
    int action_container -> action_container
    int action_context_bar -> action_context_bar
    int action_divider -> action_divider
    int action_image -> action_image
    int action_menu_divider -> action_menu_divider
    int action_menu_presenter -> action_menu_presenter
    int action_mode_bar -> action_mode_bar
    int action_mode_bar_stub -> action_mode_bar_stub
    int action_mode_close_button -> action_mode_close_button
    int action_text -> action_text
    int actions -> actions
    int activity_chooser_view_content -> activity_chooser_view_content
    int adV -> adV
    int add -> add
    int adjust_height -> adjust_height
    int adjust_width -> adjust_width
    int alertTitle -> alertTitle
    int all -> all
    int always -> always
    int app_name -> app_name
    int author -> author
    int auto -> auto
    int basic -> basic
    int beginning -> beginning
    int bottom -> bottom
    int bugs -> bugs
    int buttonPanel -> buttonPanel
    int cancel_action -> cancel_action
    int cedis -> cedis
    int center -> center
com.tanamo.dicto.db.Dict -> com.tanamo.dicto.a.a:
    android.content.Context context -> a
    void onCreate(android.database.sqlite.SQLiteDatabase) -> onCreate
    void onUpgrade(android.database.sqlite.SQLiteDatabase,int,int) -> onUpgrade
    void getDict() -> a
    java.util.ArrayList getWord() -> b
    java.lang.String getMeaning(java.lang.String) -> a
    void addDict(java.lang.String,java.lang.String) -> a
    void delDict(java.lang.String,java.lang.String) -> b
    void <init>(android.content.Context) -> <init>
com.tanamo.dicto.mod.About -> com.tanamo.dicto.mod.a:
    android.content.Context mCtx -> a
    void show() -> a
    void innerUpdate(android.view.View) -> a
    void <init>(android.content.Context) -> <init>
com.tanamo.dicto.mod.Cedis -> com.tanamo.dicto.mod.Cedis:
    android.view.View vie -> a
    com.google.android.gms.ads.AdRequest adr -> b
    java.util.HashMap _$_findViewCache -> c
    android.view.View onCreateView(android.view.LayoutInflater,android.view.ViewGroup,android.os.Bundle) -> a
    void onActivityCreated(android.os.Bundle) -> d
    void <init>() -> <init>
    android.view.View _$_findCachedViewById(int) -> c
    void _$_clearFindViewByIdCache() -> a
    void onDestroyView() -> e
...
com.google.android.gms.internal.zziu -> com.google.android.gms.internal.ace:
    com.google.android.gms.internal.zziu zzAu -> a
    void <init>() -> <init>
    com.google.android.gms.internal.zzir zza(android.content.Context,com.google.android.gms.internal.zzla) -> a
    void <clinit>() -> <clinit>
com.google.android.gms.internal.zziv -> com.google.android.gms.internal.acf:
    android.os.Parcelable$Creator CREATOR -> CREATOR
    java.lang.String zzAv -> a
    int height -> b
    int heightPixels -> c
    boolean zzAw -> d
    int width -> e
    int widthPixels -> f
    com.google.android.gms.internal.zziv[] zzAx -> g
    boolean zzAy -> h
    boolean zzAz -> i
    boolean zzAA -> j
    int zza(android.util.DisplayMetrics) -> a
    int zzb(android.util.DisplayMetrics) -> b
    int zzc(android.util.DisplayMetrics) -> c
    com.google.android.gms.internal.zziv zzg(android.content.Context) -> a
    com.google.android.gms.internal.zziv zzdj() -> a
    void <init>() -> <init>
    void <init>(android.content.Context,com.google.android.gms.ads.AdSize) -> <init>
    void <init>(android.content.Context,com.google.android.gms.ads.AdSize[]) -> <init>
    void <init>(com.google.android.gms.internal.zziv,com.google.android.gms.internal.zziv[]) -> <init>
    void <init>(java.lang.String,int,int,boolean,int,int,com.google.android.gms.internal.zziv[],boolean,boolean,boolean) -> <init>
    com.google.android.gms.ads.AdSize zzdk() -> b
    void writeToParcel(android.os.Parcel,int) -> writeToParcel
    void <clinit>() -> <clinit>
com.google.android.gms.internal.zziw -> com.google.android.gms.internal.acg:
    void <init>() -> <init>
    java.lang.Object[] newArray(int) -> newArray
    java.lang.Object createFromParcel(android.os.Parcel) -> createFromParcel
com.google.android.gms.internal.zzix -> com.google.android.gms.internal.ach:
    com.google.android.gms.ads.doubleclick.AppEventListener zzsz -> a
    void <init>(com.google.android.gms.ads.doubleclick.AppEventListener) -> <init>
    void onAppEvent(java.lang.String,java.lang.String) -> a
com.google.android.gms.internal.zziy -> com.google.android.gms.internal.aci:
    com.google.android.gms.ads.AdSize[] zzAB -> a
    java.lang.String zztY -> b
    com.google.android.gms.ads.AdSize[] zzC(java.lang.String) -> a
    void <init>(android.content.Context,android.util.AttributeSet) -> <init>
    com.google.android.gms.ads.AdSize[] zzg(boolean) -> a
    java.lang.String getAdUnitId() -> a
com.google.android.gms.internal.zziz -> com.google.android.gms.internal.acj:
    com.google.android.gms.internal.zzkh zzAC -> a
    java.lang.Object mLock -> b
    com.google.android.gms.internal.zziq zzAD -> c
    com.google.android.gms.internal.zzip zzAE -> d
    com.google.android.gms.internal.zzli zzAF -> e
    com.google.android.gms.internal.zzqc zzAG -> f
    com.google.android.gms.internal.zzaet zzAH -> g
    com.google.android.gms.internal.zzyi zzAI -> h
    void <init>(com.google.android.gms.internal.zziq,com.google.android.gms.internal.zzip,com.google.android.gms.internal.zzli,com.google.android.gms.internal.zzqc,com.google.android.gms.internal.zzaet,com.google.android.gms.internal.zzyi) -> <init>
    com.google.android.gms.internal.zzkh zzdl() -> a
    com.google.android.gms.internal.zzkh zzdm() -> b
    java.lang.Object zza(android.content.Context,boolean,com.google.android.gms.internal.zziz$zza) -> a
    void zzb(android.content.Context,java.lang.String) -> a
    com.google.android.gms.internal.zzju zzb(android.content.Context,java.lang.String,com.google.android.gms.internal.zzwd) -> a
    com.google.android.gms.internal.zzyj zzb(android.app.Activity) -> a
    com.google.android.gms.internal.zzkh zza(com.google.android.gms.internal.zziz) -> a
    com.google.android.gms.internal.zziq zzb(com.google.android.gms.internal.zziz) -> b
    void zza(com.google.android.gms.internal.zziz,android.content.Context,java.lang.String) -> a