app/build/outputs/mapping/release/usage.txt
com.tanamo.dicto.BuildConfig
com.tanamo.dicto.R:
    10:10:public R()
com.tanamo.dicto.R$anim
com.tanamo.dicto.R$animator
com.tanamo.dicto.R$attr
com.tanamo.dicto.R$bool
com.tanamo.dicto.R$color
com.tanamo.dicto.R$dimen
com.tanamo.dicto.R$drawable
com.tanamo.dicto.R$id:
    3457:3457:public R$id()
com.tanamo.dicto.R$integer
com.tanamo.dicto.R$layout
com.tanamo.dicto.R$menu
com.tanamo.dicto.R$mipmap
com.tanamo.dicto.R$string
com.tanamo.dicto.R$style
com.tanamo.dicto.R$styleable
com.tanamo.dicto.db.Dict:
    40:40:public final android.content.Context getContext()
com.tanamo.dicto.mod.About:
    34:34:public final android.content.Context getMCtx()
com.tanamo.dicto.mod.Cedis:
    36:36:public final android.view.View getVie()
    36:36:public final void setVie(android.view.View)
    37:37:public final com.google.android.gms.ads.AdRequest getAdr()
    37:37:public final void setAdr(com.google.android.gms.ads.AdRequest)
com.tanamo.dicto.mod.Kons:
    40:40:public final void setWORD(java.lang.String)
    41:41:public final void setMEANING(java.lang.String)
com.tanamo.dicto.ui.Flash:
    private java.util.HashMap _$_findViewCache
    41:41:public final com.tanamo.dicto.db.Dict getDict()
    41:41:public final void setDict(com.tanamo.dicto.db.Dict)
    public android.view.View _$_findCachedViewById(int)
    public void _$_clearFindViewByIdCache()
com.tanamo.dicto.ui.MainActivity:
    58:58:public final com.tanamo.dicto.ui.MainActivity getCtx()
    59:59:public final void setDia(android.app.Dialog)
    60:60:public final void setTxt3(android.widget.TextView)
    61:61:public final void setTxt4(android.widget.TextView)
    62:62:public final void setDict(com.tanamo.dicto.db.Dict)
    64:64:public final void setAda(android.widget.ArrayAdapter)
    public void _$_clearFindViewByIdCache()
...
android.support.v4.media.session.MediaSessionCompatApi23$Callback
android.support.v4.media.session.MediaSessionCompatApi23$CallbackProxy
android.support.v4.media.session.MediaSessionCompatApi24
android.support.v4.media.session.MediaSessionCompatApi24$Callback
android.support.v4.media.session.MediaSessionCompatApi24$CallbackProxy
android.support.v4.media.session.MediaSessionCompatApi26
android.support.v4.media.session.MediaSessionCompatApi26$Callback
android.support.v4.media.session.MediaSessionCompatApi26$CallbackProxy
android.support.v4.media.session.ParcelableVolumeInfo
android.support.v4.media.session.ParcelableVolumeInfo$1
android.support.v4.media.session.PlaybackStateCompat
android.support.v4.media.session.PlaybackStateCompat$1
android.support.v4.media.session.PlaybackStateCompat$Actions
android.support.v4.media.session.PlaybackStateCompat$Builder
android.support.v4.media.session.PlaybackStateCompat$CustomAction
android.support.v4.media.session.PlaybackStateCompat$CustomAction$1
android.support.v4.media.session.PlaybackStateCompat$CustomAction$Builder
android.support.v4.media.session.PlaybackStateCompat$ErrorCode
android.support.v4.media.session.PlaybackStateCompat$MediaKeyAction
android.support.v4.media.session.PlaybackStateCompat$RepeatMode
android.support.v4.media.session.PlaybackStateCompat$State
android.support.v4.media.session.PlaybackStateCompatApi21
android.support.v4.media.session.PlaybackStateCompatApi21$CustomAction
android.support.v4.media.session.PlaybackStateCompatApi22
android.support.v4.net.ConnectivityManagerCompat
android.support.v4.net.ConnectivityManagerCompat$ConnectivityManagerCompatApi16Impl
android.support.v4.net.ConnectivityManagerCompat$ConnectivityManagerCompatApi24Impl
android.support.v4.net.ConnectivityManagerCompat$ConnectivityManagerCompatBaseImpl
android.support.v4.net.ConnectivityManagerCompat$ConnectivityManagerCompatImpl
android.support.v4.net.ConnectivityManagerCompat$RestrictBackgroundStatus
android.support.v4.net.DatagramSocketWrapper
android.support.v4.net.DatagramSocketWrapper$DatagramSocketImplWrapper
android.support.v4.net.TrafficStatsCompat
android.support.v4.net.TrafficStatsCompat$TrafficStatsCompatApi24Impl
android.support.v4.net.TrafficStatsCompat$TrafficStatsCompatBaseImpl
android.support.v4.os.AsyncTaskCompat
android.support.v4.os.BuildCompat:
    27:28:private BuildCompat()
    52:52:public static boolean isAtLeastNMR1()
android.support.v4.os.CancellationSignal
android.support.v4.os.CancellationSignal$OnCancelListener
android.support.v4.os.CancellationSignalCompatJellybean
android.support.v4.os.EnvironmentCompat
android.support.v4.os.EnvironmentCompatKitKat
android.support.v4.os.IResultReceiver
android.support.v4.os.IResultReceiver$Stub
android.support.v4.os.IResultReceiver$Stub$Proxy
android.support.v4.os.OperationCanceledException
android.support.v4.os.ParcelableCompat:
    60:60:private ParcelableCompat()
android.support.v4.os.ParcelableCompatCreatorHoneycombMR2Stub:
    24:24:ParcelableCompatCreatorHoneycombMR2Stub()
android.support.v4.os.ResultReceiver
android.support.v4.os.ResultReceiver$1
android.support.v4.os.ResultReceiver$MyResultReceiver
android.support.v4.os.ResultReceiver$MyRunnable
android.support.v4.os.TraceCompat:
    61:61:private TraceCompat()
android.support.v4.os.TraceJellybeanMR2:
    20:20:TraceJellybeanMR2()
android.support.v4.os.UserManagerCompat
android.support.v4.os.UserManagerCompatApi24
android.support.v4.print.PrintHelper
android.support.v4.print.PrintHelper$1
android.support.v4.print.PrintHelper$OnPrintFinishCallback
android.support.v4.print.PrintHelper$PrintHelperApi20Impl
android.support.v4.print.PrintHelper$PrintHelperApi23Impl
android.support.v4.print.PrintHelper$PrintHelperApi24Impl
android.support.v4.print.PrintHelper$PrintHelperImpl
android.support.v4.print.PrintHelper$PrintHelperImpl$1
android.support.v4.print.PrintHelper$PrintHelperImpl$2
android.support.v4.print.PrintHelper$PrintHelperKitkatImpl